<?xml version="1.0" encoding="UTF-8"?>
<testsuite name="TestNumbers" tests="4" skipped="0" failures="0" errors="0" timestamp="2021-12-06T00:58:08" hostname="Oleh-Notebook" time="0.006">
  <properties/>
  <testcase name="testAdd" classname="TestNumbers" time="0.004"/>
  <testcase name="testSubtract" classname="TestNumbers" time="0.0"/>
  <testcase name="testDivide" classname="TestNumbers" time="0.001"/>
  <testcase name="testMultiply" classname="TestNumbers" time="0.0"/>
  <system-out><![CDATA[]]></system-out>
  <system-err><![CDATA[]]></system-err>
</testsuite>
